<?xml version="1.0" encoding="UTF-8"?>
<!-- Generated by org.testng.reporters.JUnitReportReporter -->
<testsuite name="facebookmessage.FacebookMessage" tests="1" time="10.957" ignored="0" failures="0" timestamp="23 Dec 2016 02:01:25 GMT" skipped="0" hostname="FS-AND-DKT01" errors="0">
  <testcase name="postAFacebookMessage" time="10.957" classname="facebookmessage.FacebookMessage"/>
</testsuite> <!-- facebookmessage.FacebookMessage -->
