<?xml version="1.0" encoding="UTF-8"?>
<!-- Generated by org.testng.reporters.JUnitReportReporter -->
<testsuite name="wallethub.WalletHubReview" tests="1" time="26.479" ignored="0" failures="0" timestamp="22 Dec 2016 20:54:19 GMT" skipped="0" hostname="FS-AND-DKT01" errors="0">
  <testcase name="f" time="26.479" classname="wallethub.WalletHubReview"/>
</testsuite> <!-- wallethub.WalletHubReview -->
