<?xml version="1.0" encoding="UTF-8"?>
<!-- Generated by org.testng.reporters.JUnitReportReporter -->
<testsuite name="facebookmessage.FacebookMessage" tests="1" time="0.008" ignored="0" failures="0" timestamp="22 Dec 2016 10:06:52 GMT" skipped="0" hostname="Minhs-iMac.local" errors="0">
  <testcase name="postAFacebookMessage" time="0.008" classname="facebookmessage.FacebookMessage"/>
</testsuite> <!-- facebookmessage.FacebookMessage -->
