<?xml version="1.0" encoding="UTF-8"?>
<!-- Generated by org.testng.reporters.JUnitReportReporter -->
<testsuite name="facebookmessage.FacebookMessage" tests="1" time="9.894" ignored="0" failures="0" timestamp="22 Dec 2016 19:53:42 GMT" skipped="0" hostname="FS-AND-DKT01" errors="0">
  <testcase name="postAFacebookMessage" time="9.894" classname="facebookmessage.FacebookMessage"/>
</testsuite> <!-- facebookmessage.FacebookMessage -->
